#
# There is insufficient memory for the Java Runtime Environment to continue.
# Native memory allocation (malloc) failed to allocate 103504 bytes. Error detail: Chunk::new
# Possible reasons:
#   The system is out of physical RAM or swap space
#   This process is running with CompressedOops enabled, and the Java Heap may be blocking the growth of the native heap
# Possible solutions:
#   Reduce memory load on the system
#   Increase physical memory or swap space
#   Check if swap backing store is full
#   Decrease Java heap size (-Xmx/-Xms)
#   Decrease number of Java threads
#   Decrease Java thread stack sizes (-Xss)
#   Set larger code cache with -XX:ReservedCodeCacheSize=
#   JVM is running with Unscaled Compressed Oops mode in which the Java heap is
#     placed in the first 4GB address space. The Java Heap base address is the
#     maximum limit for the native heap growth. Please use -XX:HeapBaseMinAddress
#     to set the Java Heap base and to place the Java Heap above 4GB virtual address.
# This output file may be truncated or incomplete.
#
#  Out of Memory Error (arena.cpp:149), pid=20508, tid=24472
#
# JRE version: Java(TM) SE Runtime Environment (23.0.1+11) (build 23.0.1+11-39)
# Java VM: Java HotSpot(TM) 64-Bit Server VM (23.0.1+11-39, mixed mode, sharing, tiered, compressed oops, compressed class ptrs, g1 gc, windows-amd64)
# No core dump will be written. Minidumps are not enabled by default on client versions of Windows
#

---------------  S U M M A R Y ------------

Command Line: -javaagent:D:\Program Files\IntelliJ IDEA Community Edition 2024.3.5\lib\idea_rt.jar=59199 -Dfile.encoding=UTF-8 -Dsun.stdout.encoding=UTF-8 -Dsun.stderr.encoding=UTF-8 com.AadityaPrajapat.BackendAssignmentForAndazKumar.BackendAssignmentForAndazKumarApplication

Host: AMD Ryzen 3 7320U with Radeon Graphics         , 8 cores, 7G,  Windows 11 , 64 bit Build 22621 (10.0.22621.3958)
Time: Thu Apr 23 09:42:29 2026 India Standard Time elapsed time: 402.461952 seconds (0d 0h 6m 42s)

---------------  T H R E A D  ---------------

Current thread (0x000001f443195250):  JavaThread "C2 CompilerThread0" daemon [_thread_in_native, id=24472, stack(0x0000002e04900000,0x0000002e04a00000) (1024K)]


Current CompileTask:
C2:402462 7050       4       java.security.MessageDigest::digest (49 bytes)

Stack: [0x0000002e04900000,0x0000002e04a00000]
Native frames: (J=compiled Java code, j=interpreted, Vv=VM code, C=native code)
V  [jvm.dll+0x6e08b9]  (no source info available)
V  [jvm.dll+0x87dc83]  (no source info available)
V  [jvm.dll+0x88010e]  (no source info available)
V  [jvm.dll+0x8807e3]  (no source info available)
V  [jvm.dll+0x27aee6]  (no source info available)
V  [jvm.dll+0xbc06f]  (no source info available)
V  [jvm.dll+0xbc2cb]  (no source info available)
V  [jvm.dll+0x3b3a9c]  (no source info available)
V  [jvm.dll+0x1dc19c]  (no source info available)
V  [jvm.dll+0x244be5]  (no source info available)
V  [jvm.dll+0x243dff]  (no source info available)
V  [jvm.dll+0x1c33a0]  (no source info available)
V  [jvm.dll+0x253cf1]  (no source info available)
V  [jvm.dll+0x251faa]  (no source info available)
V  [jvm.dll+0x3ee036]  (no source info available)
V  [jvm.dll+0x824f8b]  (no source info available)
V  [jvm.dll+0x6df065]  (no source info available)
C  [ucrtbase.dll+0x29333]  (no source info available)
C  [KERNEL32.DLL+0x1257d]  (no source info available)
C  [ntdll.dll+0x5af28]  (no source info available)

Lock stack of current Java thread (top to bottom):


---------------  P R O C E S S  ---------------

Threads class SMR info:
_java_thread_list=0x000001f4438e26e0, length=33, elements={
0x000001f4431844b0, 0x000001f443185480, 0x000001f443187860, 0x000001f44318e250,
0x000001f44318fcc0, 0x000001f443190a00, 0x000001f443195250, 0x000001f443195fe0,
0x000001f4432a0170, 0x000001f4433f3ec0, 0x000001f4433f4530, 0x000001f48a994650,
0x000001f48a994ce0, 0x000001f48a995370, 0x000001f48aee37f0, 0x000001f48aee1090,
0x000001f48aee3e80, 0x000001f48aee2ad0, 0x000001f48aedfce0, 0x000001f48aedefc0,
0x000001f48aee0370, 0x000001f48aee3160, 0x000001f48dd4b3a0, 0x000001f48dd4c0c0,
0x000001f48dd47890, 0x000001f48dd4db00, 0x000001f48dd49ff0, 0x000001f48dd49960,
0x000001f48dd4c750, 0x000001f48dd4e190, 0x000001f48dd4d470, 0x000001f48dd4e820,
0x000001f48dd4a680
}

Java Threads: ( => current thread )
  0x000001f4431844b0 JavaThread "Reference Handler"          daemon [_thread_blocked, id=16492, stack(0x0000002e04300000,0x0000002e04400000) (1024K)]
  0x000001f443185480 JavaThread "Finalizer"                  daemon [_thread_blocked, id=24340, stack(0x0000002e04400000,0x0000002e04500000) (1024K)]
  0x000001f443187860 JavaThread "Signal Dispatcher"          daemon [_thread_blocked, id=7212, stack(0x0000002e04500000,0x0000002e04600000) (1024K)]
  0x000001f44318e250 JavaThread "Attach Listener"            daemon [_thread_blocked, id=24692, stack(0x0000002e04600000,0x0000002e04700000) (1024K)]
  0x000001f44318fcc0 JavaThread "Service Thread"             daemon [_thread_blocked, id=23468, stack(0x0000002e04700000,0x0000002e04800000) (1024K)]
  0x000001f443190a00 JavaThread "Monitor Deflation Thread"   daemon [_thread_blocked, id=4360, stack(0x0000002e04800000,0x0000002e04900000) (1024K)]
=>0x000001f443195250 JavaThread "C2 CompilerThread0"         daemon [_thread_in_native, id=24472, stack(0x0000002e04900000,0x0000002e04a00000) (1024K)]
  0x000001f443195fe0 JavaThread "C1 CompilerThread0"         daemon [_thread_blocked, id=7572, stack(0x0000002e04a00000,0x0000002e04b00000) (1024K)]
  0x000001f4432a0170 JavaThread "Common-Cleaner"             daemon [_thread_blocked, id=17416, stack(0x0000002e04b00000,0x0000002e04c00000) (1024K)]
  0x000001f4433f3ec0 JavaThread "Monitor Ctrl-Break"         daemon [_thread_in_native, id=9952, stack(0x0000002e04d00000,0x0000002e04e00000) (1024K)]
  0x000001f4433f4530 JavaThread "Notification Thread"        daemon [_thread_blocked, id=10676, stack(0x0000002e04e00000,0x0000002e04f00000) (1024K)]
  0x000001f48a994650 JavaThread "Catalina-utility-1"                [_thread_blocked, id=2412, stack(0x0000002e05500000,0x0000002e05600000) (1024K)]
  0x000001f48a994ce0 JavaThread "Catalina-utility-2"                [_thread_blocked, id=13768, stack(0x0000002e05700000,0x0000002e05800000) (1024K)]
  0x000001f48a995370 JavaThread "container-0"                       [_thread_blocked, id=15196, stack(0x0000002e05900000,0x0000002e05a00000) (1024K)]
  0x000001f48aee37f0 JavaThread "Cleaner-0"                  daemon [_thread_blocked, id=18104, stack(0x0000002e05b00000,0x0000002e05c00000) (1024K)]
  0x000001f48aee1090 JavaThread "HikariPool-1:housekeeper"   daemon [_thread_blocked, id=20520, stack(0x0000002e05c00000,0x0000002e05d00000) (1024K)]
  0x000001f48aee3e80 JavaThread "lettuce-timer-3-1"          daemon [_thread_blocked, id=1300, stack(0x0000002e05e00000,0x0000002e05f00000) (1024K)]
  0x000001f48aee2ad0 JavaThread "http-nio-8080-exec-1"       daemon [_thread_blocked, id=23616, stack(0x0000002e05f00000,0x0000002e06000000) (1024K)]
  0x000001f48aedfce0 JavaThread "http-nio-8080-exec-2"       daemon [_thread_blocked, id=14000, stack(0x0000002e06000000,0x0000002e06100000) (1024K)]
  0x000001f48aedefc0 JavaThread "http-nio-8080-exec-3"       daemon [_thread_blocked, id=22136, stack(0x0000002e06100000,0x0000002e06200000) (1024K)]
  0x000001f48aee0370 JavaThread "http-nio-8080-exec-4"       daemon [_thread_blocked, id=23772, stack(0x0000002e06200000,0x0000002e06300000) (1024K)]
  0x000001f48aee3160 JavaThread "http-nio-8080-exec-5"       daemon [_thread_blocked, id=24852, stack(0x0000002e06300000,0x0000002e06400000) (1024K)]
  0x000001f48dd4b3a0 JavaThread "http-nio-8080-exec-6"       daemon [_thread_blocked, id=3104, stack(0x0000002e06400000,0x0000002e06500000) (1024K)]
  0x000001f48dd4c0c0 JavaThread "http-nio-8080-exec-7"       daemon [_thread_blocked, id=3052, stack(0x0000002e06500000,0x0000002e06600000) (1024K)]
  0x000001f48dd47890 JavaThread "http-nio-8080-exec-8"       daemon [_thread_blocked, id=12828, stack(0x0000002e06600000,0x0000002e06700000) (1024K)]
  0x000001f48dd4db00 JavaThread "http-nio-8080-exec-9"       daemon [_thread_blocked, id=15620, stack(0x0000002e06700000,0x0000002e06800000) (1024K)]
  0x000001f48dd49ff0 JavaThread "http-nio-8080-exec-10"      daemon [_thread_blocked, id=22200, stack(0x0000002e06800000,0x0000002e06900000) (1024K)]
  0x000001f48dd49960 JavaThread "http-nio-8080-Poller"       daemon [_thread_in_native, id=25168, stack(0x0000002e06900000,0x0000002e06a00000) (1024K)]
  0x000001f48dd4c750 JavaThread "http-nio-8080-Acceptor"     daemon [_thread_in_native, id=21144, stack(0x0000002e06a00000,0x0000002e06b00000) (1024K)]
  0x000001f48dd4e190 JavaThread "DestroyJavaVM"                     [_thread_blocked, id=24320, stack(0x0000002e03b00000,0x0000002e03c00000) (1024K)]
  0x000001f48dd4d470 JavaThread "lettuce-nioEventLoop-4-1"   daemon [_thread_in_native, id=17980, stack(0x0000002e03900000,0x0000002e03a00000) (1024K)]
  0x000001f48dd4e820 JavaThread "HikariPool-1:connection-closer" daemon [_thread_blocked, id=784, stack(0x0000002e03800000,0x0000002e03900000) (1024K)]
  0x000001f48dd4a680 JavaThread "HikariPool-1:connection-adder" daemon [_thread_in_native, id=6840, stack(0x0000002e03a00000,0x0000002e03b00000) (1024K)]
Total: 33

Other Threads:
  0x000001f443167da0 VMThread "VM Thread"                           [id=18992, stack(0x0000002e04200000,0x0000002e04300000) (1024K)]
  0x000001f44315a0d0 WatcherThread "VM Periodic Task Thread"        [id=9752, stack(0x0000002e04100000,0x0000002e04200000) (1024K)]
  0x000001f42680d4d0 WorkerThread "GC Thread#0"                     [id=7804, stack(0x0000002e03c00000,0x0000002e03d00000) (1024K)]
  0x000001f4891e16f0 WorkerThread "GC Thread#1"                     [id=1204, stack(0x0000002e04f00000,0x0000002e05000000) (1024K)]
  0x000001f489222f00 WorkerThread "GC Thread#2"                     [id=6256, stack(0x0000002e05000000,0x0000002e05100000) (1024K)]
  0x000001f489221ab0 WorkerThread "GC Thread#3"                     [id=8820, stack(0x0000002e05100000,0x0000002e05200000) (1024K)]
  0x000001f48922a440 WorkerThread "GC Thread#4"                     [id=4384, stack(0x0000002e05200000,0x0000002e05300000) (1024K)]
  0x000001f48922ee10 WorkerThread "GC Thread#5"                     [id=10960, stack(0x0000002e05300000,0x0000002e05400000) (1024K)]
  0x000001f48922f1c0 WorkerThread "GC Thread#6"                     [id=22832, stack(0x0000002e05400000,0x0000002e05500000) (1024K)]
  0x000001f4892a8b50 WorkerThread "GC Thread#7"                     [id=1868, stack(0x0000002e05600000,0x0000002e05700000) (1024K)]
  0x000001f4268216e0 ConcurrentGCThread "G1 Main Marker"            [id=24668, stack(0x0000002e03d00000,0x0000002e03e00000) (1024K)]
  0x000001f4268221f0 WorkerThread "G1 Conc#0"                       [id=11764, stack(0x0000002e03e00000,0x0000002e03f00000) (1024K)]
  0x000001f48a6b29e0 WorkerThread "G1 Conc#1"                       [id=22692, stack(0x0000002e05800000,0x0000002e05900000) (1024K)]
  0x000001f42686e5b0 ConcurrentGCThread "G1 Refine#0"               [id=14752, stack(0x0000002e03f00000,0x0000002e04000000) (1024K)]
  0x000001f44302a480 ConcurrentGCThread "G1 Service"                [id=18040, stack(0x0000002e04000000,0x0000002e04100000) (1024K)]
Total: 15

Threads with active compile tasks:
C2 CompilerThread0  402589 7050       4       java.security.MessageDigest::digest (49 bytes)
Total: 1

VM state: not at safepoint (normal execution)

VM Mutex/Monitor currently owned by a thread: None

Heap address: 0x000000008c200000, size: 1854 MB, Compressed Oops mode: 32-bit

CDS archive(s) mapped at: [0x000001f444000000-0x000001f444d70000-0x000001f444d70000), size 14090240, SharedBaseAddress: 0x000001f444000000, ArchiveRelocationMode: 1.
Compressed class space mapped at: 0x000001f445000000-0x000001f485000000, reserved size: 1073741824
Narrow klass base: 0x000001f444000000, Narrow klass shift: 0, Narrow klass range: 0x41000000

GC Precious Log:
 CardTable entry size: 512
 Card Set container configuration: InlinePtr #cards 5 size 8 Array Of Cards #cards 10 size 36 Howl #buckets 4 coarsen threshold 1843 Howl Bitmap #cards 512 size 80 coarsen threshold 460 Card regions per heap region 1 cards per card region 2048
 CPUs: 8 total, 8 available
 Memory: 7413M
 Large Page Support: Disabled
 NUMA Support: Disabled
 Compressed Oops: Enabled (32-bit)
 Heap Region Size: 1M
 Heap Min Capacity: 8M
 Heap Initial Capacity: 116M
 Heap Max Capacity: 1854M
 Pre-touch: Disabled
 Parallel Workers: 8
 Concurrent Workers: 2
 Concurrent Refinement Workers: 8
 Periodic GC: Disabled

Heap:
 garbage-first heap   total reserved 1898496K, committed 60416K, used 46499K [0x000000008c200000, 0x0000000100000000)
  region size 1024K, 15 young (15360K), 3 survivors (3072K)
 Metaspace       used 81093K, committed 81728K, reserved 1179648K
  class space    used 11303K, committed 11584K, reserved 1048576K

Heap Regions: E=young(eden), S=young(survivor), O=old, HS=humongous(starts), HC=humongous(continues), CS=collection set, F=free, TAMS=top-at-mark-start, PB=parsable bottom
|   0|0x000000008c200000, 0x000000008c300000, 0x000000008c300000|100%|HS|  |TAMS 0x000000008c200000| PB 0x000000008c200000| Complete |  0
|   1|0x000000008c300000, 0x000000008c400000, 0x000000008c400000|100%|HS|  |TAMS 0x000000008c300000| PB 0x000000008c300000| Complete |  0
|   2|0x000000008c400000, 0x000000008c500000, 0x000000008c500000|100%| O|  |TAMS 0x000000008c400000| PB 0x000000008c400000| Untracked |  0
|   3|0x000000008c500000, 0x000000008c600000, 0x000000008c600000|100%| O|  |TAMS 0x000000008c500000| PB 0x000000008c500000| Untracked |  0
|   4|0x000000008c600000, 0x000000008c700000, 0x000000008c700000|100%| O|  |TAMS 0x000000008c600000| PB 0x000000008c600000| Untracked |  0
|   5|0x000000008c700000, 0x000000008c800000, 0x000000008c800000|100%| O|  |TAMS 0x000000008c700000| PB 0x000000008c700000| Untracked |  0
|   6|0x000000008c800000, 0x000000008c900000, 0x000000008c900000|100%| O|  |TAMS 0x000000008c800000| PB 0x000000008c800000| Untracked |  0
|   7|0x000000008c900000, 0x000000008ca00000, 0x000000008ca00000|100%| O|  |TAMS 0x000000008c900000| PB 0x000000008c900000| Untracked |  0
|   8|0x000000008ca00000, 0x000000008cb00000, 0x000000008cb00000|100%| O|  |TAMS 0x000000008ca00000| PB 0x000000008ca00000| Untracked |  0
|   9|0x000000008cb00000, 0x000000008cc00000, 0x000000008cc00000|100%| O|  |TAMS 0x000000008cb00000| PB 0x000000008cb00000| Untracked |  0
|  10|0x000000008cc00000, 0x000000008cd00000, 0x000000008cd00000|100%| O|  |TAMS 0x000000008cc00000| PB 0x000000008cc00000| Untracked |  0
|  11|0x000000008cd00000, 0x000000008ce00000, 0x000000008ce00000|100%| O|  |TAMS 0x000000008cd00000| PB 0x000000008cd00000| Untracked |  0
|  12|0x000000008ce00000, 0x000000008cf00000, 0x000000008cf00000|100%| O|  |TAMS 0x000000008ce00000| PB 0x000000008ce00000| Untracked |  0
|  13|0x000000008cf00000, 0x000000008d000000, 0x000000008d000000|100%| O|  |TAMS 0x000000008cf00000| PB 0x000000008cf00000| Untracked |  0
|  14|0x000000008d000000, 0x000000008d100000, 0x000000008d100000|100%| O|  |TAMS 0x000000008d000000| PB 0x000000008d000000| Untracked |  0
|  15|0x000000008d100000, 0x000000008d200000, 0x000000008d200000|100%| O|  |TAMS 0x000000008d100000| PB 0x000000008d100000| Untracked |  0
|  16|0x000000008d200000, 0x000000008d300000, 0x000000008d300000|100%| O|  |TAMS 0x000000008d200000| PB 0x000000008d200000| Untracked |  0
|  17|0x000000008d300000, 0x000000008d400000, 0x000000008d400000|100%| O|  |TAMS 0x000000008d300000| PB 0x000000008d300000| Untracked |  0
|  18|0x000000008d400000, 0x000000008d500000, 0x000000008d500000|100%| O|  |TAMS 0x000000008d400000| PB 0x000000008d400000| Untracked |  0
|  19|0x000000008d500000, 0x000000008d600000, 0x000000008d600000|100%| O|Cm|TAMS 0x000000008d500000| PB 0x000000008d500000| Complete |  0
|  20|0x000000008d600000, 0x000000008d700000, 0x000000008d700000|100%| O|  |TAMS 0x000000008d600000| PB 0x000000008d600000| Untracked |  0
|  21|0x000000008d700000, 0x000000008d800000, 0x000000008d800000|100%| O|Cm|TAMS 0x000000008d700000| PB 0x000000008d700000| Complete |  0
|  22|0x000000008d800000, 0x000000008d900000, 0x000000008d900000|100%| O|  |TAMS 0x000000008d800000| PB 0x000000008d800000| Untracked |  0
|  23|0x000000008d900000, 0x000000008da00000, 0x000000008da00000|100%| O|  |TAMS 0x000000008d900000| PB 0x000000008d900000| Untracked |  0
|  24|0x000000008da00000, 0x000000008db00000, 0x000000008db00000|100%| O|  |TAMS 0x000000008da00000| PB 0x000000008da00000| Untracked |  0
|  25|0x000000008db00000, 0x000000008dc00000, 0x000000008dc00000|100%| O|  |TAMS 0x000000008db00000| PB 0x000000008db00000| Untracked |  0
|  26|0x000000008dc00000, 0x000000008dd00000, 0x000000008dd00000|100%| O|  |TAMS 0x000000008dc00000| PB 0x000000008dc00000| Untracked |  0
|  27|0x000000008dd00000, 0x000000008de00000, 0x000000008de00000|100%| O|  |TAMS 0x000000008dd00000| PB 0x000000008dd00000| Untracked |  0
|  28|0x000000008de00000, 0x000000008df00000, 0x000000008df00000|100%| O|  |TAMS 0x000000008de00000| PB 0x000000008de00000| Untracked |  0
|  29|0x000000008df00000, 0x000000008e000000, 0x000000008e000000|100%| O|  |TAMS 0x000000008df00000| PB 0x000000008df00000| Untracked |  0
|  30|0x000000008e000000, 0x000000008e100000, 0x000000008e100000|100%| O|  |TAMS 0x000000008e000000| PB 0x000000008e000000| Untracked |  0
|  31|0x000000008e100000, 0x000000008e200000, 0x000000008e200000|100%| O|  |TAMS 0x000000008e100000| PB 0x000000008e100000| Untracked |  0
|  32|0x000000008e200000, 0x000000008e300000, 0x000000008e300000|100%| O|  |TAMS 0x000000008e200000| PB 0x000000008e200000| Untracked |  0
|  33|0x000000008e300000, 0x000000008e32e1e8, 0x000000008e400000| 18%| O|  |TAMS 0x000000008e300000| PB 0x000000008e300000| Untracked |  0
|  34|0x000000008e400000, 0x000000008e400000, 0x000000008e500000|  0%| F|  |TAMS 0x000000008e400000| PB 0x000000008e400000| Untracked |  0
|  35|0x000000008e500000, 0x000000008e500000, 0x000000008e600000|  0%| F|  |TAMS 0x000000008e500000| PB 0x000000008e500000| Untracked |  0
|  36|0x000000008e600000, 0x000000008e63aac0, 0x000000008e700000| 22%| S|CS|TAMS 0x000000008e600000| PB 0x000000008e600000| Complete |  0
|  37|0x000000008e700000, 0x000000008e800000, 0x000000008e800000|100%| S|CS|TAMS 0x000000008e700000| PB 0x000000008e700000| Complete |  0
|  38|0x000000008e800000, 0x000000008e800000, 0x000000008e900000|  0%| F|  |TAMS 0x000000008e800000| PB 0x000000008e800000| Untracked |  0
|  39|0x000000008e900000, 0x000000008ea00000, 0x000000008ea00000|100%| S|CS|TAMS 0x000000008e900000| PB 0x000000008e900000| Complete |  0
|  40|0x000000008ea00000, 0x000000008ea00000, 0x000000008eb00000|  0%| F|  |TAMS 0x000000008ea00000| PB 0x000000008ea00000| Untracked |  0
|  41|0x000000008eb00000, 0x000000008eb00000, 0x000000008ec00000|  0%| F|  |TAMS 0x000000008eb00000| PB 0x000000008eb00000| Untracked |  0
|  42|0x000000008ec00000, 0x000000008ec00000, 0x000000008ed00000|  0%| F|  |TAMS 0x000000008ec00000| PB 0x000000008ec00000| Untracked |  0
|  43|0x000000008ed00000, 0x000000008ed00000, 0x000000008ee00000|  0%| F|  |TAMS 0x000000008ed00000| PB 0x000000008ed00000| Untracked |  0
|  44|0x000000008ee00000, 0x000000008ee00000, 0x000000008ef00000|  0%| F|  |TAMS 0x000000008ee00000| PB 0x000000008ee00000| Untracked |  0
|  45|0x000000008ef00000, 0x000000008ef00000, 0x000000008f000000|  0%| F|  |TAMS 0x000000008ef00000| PB 0x000000008ef00000| Untracked |  0
|  46|0x000000008f000000, 0x000000008f000000, 0x000000008f100000|  0%| F|  |TAMS 0x000000008f000000| PB 0x000000008f000000| Untracked |  0
|  47|0x000000008f100000, 0x000000008f1bd068, 0x000000008f200000| 73%| E|  |TAMS 0x000000008f100000| PB 0x000000008f100000| Complete |  0
|  48|0x000000008f200000, 0x000000008f300000, 0x000000008f300000|100%| E|CS|TAMS 0x000000008f200000| PB 0x000000008f200000| Complete |  0
|  49|0x000000008f300000, 0x000000008f400000, 0x000000008f400000|100%| E|CS|TAMS 0x000000008f300000| PB 0x000000008f300000| Complete |  0
|  50|0x000000008f400000, 0x000000008f500000, 0x000000008f500000|100%| E|CS|TAMS 0x000000008f400000| PB 0x000000008f400000| Complete |  0
|  51|0x000000008f500000, 0x000000008f600000, 0x000000008f600000|100%| E|CS|TAMS 0x000000008f500000| PB 0x000000008f500000| Complete |  0
|  73|0x0000000090b00000, 0x0000000090c00000, 0x0000000090c00000|100%| E|CS|TAMS 0x0000000090b00000| PB 0x0000000090b00000| Complete |  0
|  74|0x0000000090c00000, 0x0000000090d00000, 0x0000000090d00000|100%| E|CS|TAMS 0x0000000090c00000| PB 0x0000000090c00000| Complete |  0
|  75|0x0000000090d00000, 0x0000000090e00000, 0x0000000090e00000|100%| E|CS|TAMS 0x0000000090d00000| PB 0x0000000090d00000| Complete |  0
|  76|0x0000000090e00000, 0x0000000090f00000, 0x0000000090f00000|100%| E|CS|TAMS 0x0000000090e00000| PB 0x0000000090e00000| Complete |  0
|  77|0x0000000090f00000, 0x0000000091000000, 0x0000000091000000|100%| E|CS|TAMS 0x0000000090f00000| PB 0x0000000090f00000| Complete |  0
| 114|0x0000000093400000, 0x0000000093500000, 0x0000000093500000|100%| E|CS|TAMS 0x0000000093400000| PB 0x0000000093400000| Complete |  0
| 115|0x0000000093500000, 0x0000000093600000, 0x0000000093600000|100%| E|  |TAMS 0x0000000093500000| PB 0x0000000093500000| Complete |  0

Card table byte_map: [0x000001f43e6c0000,0x000001f43ea60000] _byte_map_base: 0x000001f43e25f000

Marking Bits: (CMBitMap*) 0x000001f42680dbe0
 Bits: [0x000001f43ea60000, 0x000001f440758000)

Polling page: 0x000001f424620000

Metaspace:

Usage:
  Non-class:     68.15 MB used.
      Class:     11.04 MB used.
       Both:     79.19 MB used.

Virtual space:
  Non-class space:      128.00 MB reserved,      68.50 MB ( 54%) committed,  2 nodes.
      Class space:        1.00 GB reserved,      11.31 MB (  1%) committed,  1 nodes.
             Both:        1.12 GB reserved,      79.81 MB (  7%) committed. 

Chunk freelists:
   Non-Class:  11.38 MB
       Class:  4.51 MB
        Both:  15.88 MB

MaxMetaspaceSize: unlimited
CompressedClassSpaceSize: 1.00 GB
Initial GC threshold: 21.00 MB
Current GC threshold: 123.06 MB
CDS: on
 - commit_granule_bytes: 65536.
 - commit_granule_words: 8192.
 - virtual_space_node_default_size: 8388608.
 - enlarge_chunks_in_place: 1.
 - use_allocation_guard: 0.


Internal statistics:

num_allocs_failed_limit: 6.
num_arena_births: 982.
num_arena_deaths: 0.
num_vsnodes_births: 3.
num_vsnodes_deaths: 0.
num_space_committed: 1277.
num_space_uncommitted: 0.
num_chunks_returned_to_freelist: 6.
num_chunks_taken_from_freelist: 3852.
num_chunk_merges: 6.
num_chunk_splits: 2840.
num_chunks_enlarged: 2296.
num_inconsistent_stats: 0.

CodeHeap 'non-profiled nmethods': size=120064Kb used=2958Kb max_used=2958Kb free=117106Kb
 bounds [0x000001f4369a0000, 0x000001f436c90000, 0x000001f43dee0000]
CodeHeap 'profiled nmethods': size=120000Kb used=8942Kb max_used=8942Kb free=111057Kb
 bounds [0x000001f42eee0000, 0x000001f42f7a0000, 0x000001f436410000]
CodeHeap 'non-nmethods': size=5696Kb used=1726Kb max_used=1752Kb free=3969Kb
 bounds [0x000001f436410000, 0x000001f436680000, 0x000001f4369a0000]
CodeCache: size=245760Kb, used=13626Kb, max_used=13652Kb, free=232132Kb
 total_blobs=6871, nmethods=6097, adapters=679, full_count=0
Compilation: enabled, stopped_count=0, restarted_count=0

Compilation events (20 events):
Event: 394.239 Thread 0x000001f443195fe0 nmethod 7041 0x000001f42f798a08 code [0x000001f42f798b60, 0x000001f42f799070]
Event: 394.239 Thread 0x000001f443195fe0 7042       3       org.postgresql.core.AsciiStringInterner::cleanQueue (23 bytes)
Event: 394.239 Thread 0x000001f443195fe0 nmethod 7042 0x000001f42f799108 code [0x000001f42f799260, 0x000001f42f7996f8]
Event: 394.239 Thread 0x000001f443195fe0 7043       3       org.postgresql.core.AsciiStringInterner$TempKey::<init> (22 bytes)
Event: 394.239 Thread 0x000001f443195fe0 nmethod 7043 0x000001f42f799788 code [0x000001f42f7998a0, 0x000001f42f799ac8]
Event: 394.240 Thread 0x000001f443195250 7044       4       java.lang.CharacterDataLatin1::isWhitespace (23 bytes)
Event: 394.240 Thread 0x000001f443195250 nmethod 7044 0x000001f436c83208 code [0x000001f436c83300, 0x000001f436c833c0]
Event: 402.331 Thread 0x000001f443195fe0 7045       3       ch.qos.logback.classic.Logger::appendLoopOnAppenders (18 bytes)
Event: 402.332 Thread 0x000001f443195fe0 nmethod 7045 0x000001f42f799b08 code [0x000001f42f799c40, 0x000001f42f799df8]
Event: 402.332 Thread 0x000001f443195fe0 7046       3       ch.qos.logback.core.pattern.LiteralConverter::convert (5 bytes)
Event: 402.332 Thread 0x000001f443195fe0 nmethod 7046 0x000001f42f799e88 code [0x000001f42f799fa0, 0x000001f42f79a0b0]
Event: 402.369 Thread 0x000001f443195fe0 7047       3       sun.nio.ch.NioSocketImpl::ensureOpenAndConnected (36 bytes)
Event: 402.369 Thread 0x000001f443195fe0 nmethod 7047 0x000001f42f79a188 code [0x000001f42f79a2c0, 0x000001f42f79a578]
Event: 402.437 Thread 0x000001f443195fe0 7048       3       org.postgresql.shaded.com.ongres.stringprep.Tables::prohibitionNonAsciiSpace (125 bytes)
Event: 402.438 Thread 0x000001f443195fe0 nmethod 7048 0x000001f42f79a588 code [0x000001f42f79a6c0, 0x000001f42f79aae0]
Event: 402.438 Thread 0x000001f443195fe0 7049       3       org.postgresql.shaded.com.ongres.stringprep.Tables::prohibitionChangeDisplayProperties (111 bytes)
Event: 402.438 Thread 0x000001f443195fe0 nmethod 7049 0x000001f42f79ab08 code [0x000001f42f79ac40, 0x000001f42f79b000]
Event: 402.438 Thread 0x000001f443195250 7050       4       java.security.MessageDigest::digest (49 bytes)
Event: 402.441 Thread 0x000001f443195fe0 7052       3       org.postgresql.shaded.com.ongres.scram.common.StringWritable::<init> (5 bytes)
Event: 402.441 Thread 0x000001f443195fe0 nmethod 7052 0x000001f42f79b088 code [0x000001f42f79b1a0, 0x000001f42f79b308]

GC Heap History (20 events):
Event: 6.348 GC heap before
{Heap before GC invocations=10 (full 0):
 garbage-first heap   total reserved 1898496K, committed 48128K, used 40709K [0x000000008c200000, 0x0000000100000000)
  region size 1024K, 19 young (19456K), 2 survivors (2048K)
 Metaspace       used 44868K, committed 45376K, reserved 1114112K
  class space    used 6186K, committed 6400K, reserved 1048576K
}
Event: 6.351 GC heap after
{Heap after GC invocations=11 (full 0):
 garbage-first heap   total reserved 1898496K, committed 48128K, used 24072K [0x000000008c200000, 0x0000000100000000)
  region size 1024K, 3 young (3072K), 3 survivors (3072K)
 Metaspace       used 44868K, committed 45376K, reserved 1114112K
  class space    used 6186K, committed 6400K, reserved 1048576K
}
Event: 6.900 GC heap before
{Heap before GC invocations=11 (full 0):
 garbage-first heap   total reserved 1898496K, committed 48128K, used 40456K [0x000000008c200000, 0x0000000100000000)
  region size 1024K, 20 young (20480K), 3 survivors (3072K)
 Metaspace       used 49333K, committed 49856K, reserved 1114112K
  class space    used 6764K, committed 6976K, reserved 1048576K
}
Event: 6.903 GC heap after
{Heap after GC invocations=12 (full 0):
 garbage-first heap   total reserved 1898496K, committed 48128K, used 25376K [0x000000008c200000, 0x0000000100000000)
  region size 1024K, 3 young (3072K), 3 survivors (3072K)
 Metaspace       used 49333K, committed 49856K, reserved 1114112K
  class space    used 6764K, committed 6976K, reserved 1048576K
}
Event: 7.316 GC heap before
{Heap before GC invocations=12 (full 0):
 garbage-first heap   total reserved 1898496K, committed 48128K, used 39712K [0x000000008c200000, 0x0000000100000000)
  region size 1024K, 18 young (18432K), 3 survivors (3072K)
 Metaspace       used 53842K, committed 54400K, reserved 1114112K
  class space    used 7461K, committed 7744K, reserved 1048576K
}
Event: 7.321 GC heap after
{Heap after GC invocations=13 (full 0):
 garbage-first heap   total reserved 1898496K, committed 48128K, used 26127K [0x000000008c200000, 0x0000000100000000)
  region size 1024K, 3 young (3072K), 3 survivors (3072K)
 Metaspace       used 53842K, committed 54400K, reserved 1114112K
  class space    used 7461K, committed 7744K, reserved 1048576K
}
Event: 7.727 GC heap before
{Heap before GC invocations=14 (full 0):
 garbage-first heap   total reserved 1898496K, committed 48128K, used 39439K [0x000000008c200000, 0x0000000100000000)
  region size 1024K, 17 young (17408K), 3 survivors (3072K)
 Metaspace       used 57335K, committed 57984K, reserved 1114112K
  class space    used 8077K, committed 8384K, reserved 1048576K
}
Event: 7.730 GC heap after
{Heap after GC invocations=15 (full 0):
 garbage-first heap   total reserved 1898496K, committed 48128K, used 26857K [0x000000008c200000, 0x0000000100000000)
  region size 1024K, 2 young (2048K), 2 survivors (2048K)
 Metaspace       used 57335K, committed 57984K, reserved 1114112K
  class space    used 8077K, committed 8384K, reserved 1048576K
}
Event: 8.143 GC heap before
{Heap before GC invocations=15 (full 0):
 garbage-first heap   total reserved 1898496K, committed 48128K, used 41193K [0x000000008c200000, 0x0000000100000000)
  region size 1024K, 17 young (17408K), 2 survivors (2048K)
 Metaspace       used 60881K, committed 61568K, reserved 1114112K
  class space    used 8566K, committed 8896K, reserved 1048576K
}
Event: 8.147 GC heap after
{Heap after GC invocations=16 (full 0):
 garbage-first heap   total reserved 1898496K, committed 48128K, used 28049K [0x000000008c200000, 0x0000000100000000)
  region size 1024K, 3 young (3072K), 3 survivors (3072K)
 Metaspace       used 60881K, committed 61568K, reserved 1114112K
  class space    used 8566K, committed 8896K, reserved 1048576K
}
Event: 8.514 GC heap before
{Heap before GC invocations=16 (full 0):
 garbage-first heap   total reserved 1898496K, committed 48128K, used 41361K [0x000000008c200000, 0x0000000100000000)
  region size 1024K, 16 young (16384K), 3 survivors (3072K)
 Metaspace       used 63573K, committed 64192K, reserved 1114112K
  class space    used 8991K, committed 9280K, reserved 1048576K
}
Event: 8.518 GC heap after
{Heap after GC invocations=17 (full 0):
 garbage-first heap   total reserved 1898496K, committed 48128K, used 29049K [0x000000008c200000, 0x0000000100000000)
  region size 1024K, 2 young (2048K), 2 survivors (2048K)
 Metaspace       used 63573K, committed 64192K, reserved 1114112K
  class space    used 8991K, committed 9280K, reserved 1048576K
}
Event: 8.948 GC heap before
{Heap before GC invocations=18 (full 0):
 garbage-first heap   total reserved 1898496K, committed 50176K, used 41337K [0x000000008c200000, 0x0000000100000000)
  region size 1024K, 15 young (15360K), 2 survivors (2048K)
 Metaspace       used 66382K, committed 67072K, reserved 1114112K
  class space    used 9405K, committed 9728K, reserved 1048576K
}
Event: 8.951 GC heap after
{Heap after GC invocations=19 (full 0):
 garbage-first heap   total reserved 1898496K, committed 60416K, used 30458K [0x000000008c200000, 0x0000000100000000)
  region size 1024K, 2 young (2048K), 2 survivors (2048K)
 Metaspace       used 66382K, committed 67072K, reserved 1114112K
  class space    used 9405K, committed 9728K, reserved 1048576K
}
Event: 9.521 GC heap before
{Heap before GC invocations=19 (full 0):
 garbage-first heap   total reserved 1898496K, committed 60416K, used 51962K [0x000000008c200000, 0x0000000100000000)
  region size 1024K, 23 young (23552K), 2 survivors (2048K)
 Metaspace       used 69216K, committed 69888K, reserved 1114112K
  class space    used 9762K, committed 10048K, reserved 1048576K
}
Event: 9.526 GC heap after
{Heap after GC invocations=20 (full 0):
 garbage-first heap   total reserved 1898496K, committed 60416K, used 32109K [0x000000008c200000, 0x0000000100000000)
  region size 1024K, 3 young (3072K), 3 survivors (3072K)
 Metaspace       used 69216K, committed 69888K, reserved 1114112K
  class space    used 9762K, committed 10048K, reserved 1048576K
}
Event: 206.657 GC heap before
{Heap before GC invocations=20 (full 0):
 garbage-first heap   total reserved 1898496K, committed 60416K, used 51565K [0x000000008c200000, 0x0000000100000000)
  region size 1024K, 23 young (23552K), 3 survivors (3072K)
 Metaspace       used 74399K, committed 75072K, reserved 1114112K
  class space    used 10419K, committed 10752K, reserved 1048576K
}
Event: 206.666 GC heap after
{Heap after GC invocations=21 (full 0):
 garbage-first heap   total reserved 1898496K, committed 60416K, used 34106K [0x000000008c200000, 0x0000000100000000)
  region size 1024K, 2 young (2048K), 2 survivors (2048K)
 Metaspace       used 74399K, committed 75072K, reserved 1114112K
  class space    used 10419K, committed 10752K, reserved 1048576K
}
Event: 207.205 GC heap before
{Heap before GC invocations=22 (full 0):
 garbage-first heap   total reserved 1898496K, committed 60416K, used 52538K [0x000000008c200000, 0x0000000100000000)
  region size 1024K, 21 young (21504K), 2 survivors (2048K)
 Metaspace       used 78389K, committed 79104K, reserved 1179648K
  class space    used 10880K, committed 11200K, reserved 1048576K
}
Event: 207.209 GC heap after
{Heap after GC invocations=23 (full 0):
 garbage-first heap   total reserved 1898496K, committed 60416K, used 36259K [0x000000008c200000, 0x0000000100000000)
  region size 1024K, 3 young (3072K), 3 survivors (3072K)
 Metaspace       used 78389K, committed 79104K, reserved 1179648K
  class space    used 10880K, committed 11200K, reserved 1048576K
}

Dll operation events (12 events):
Event: 0.061 Loaded shared library C:\Program Files\Java\jdk-23\bin\java.dll
Event: 0.111 Loaded shared library C:\Program Files\Java\jdk-23\bin\jsvml.dll
Event: 0.233 Loaded shared library C:\Program Files\Java\jdk-23\bin\zip.dll
Event: 0.238 Loaded shared library C:\Program Files\Java\jdk-23\bin\instrument.dll
Event: 0.244 Loaded shared library C:\Program Files\Java\jdk-23\bin\net.dll
Event: 0.246 Loaded shared library C:\Program Files\Java\jdk-23\bin\nio.dll
Event: 0.250 Loaded shared library C:\Program Files\Java\jdk-23\bin\zip.dll
Event: 0.409 Loaded shared library C:\Program Files\Java\jdk-23\bin\extnet.dll
Event: 0.475 Loaded shared library C:\Program Files\Java\jdk-23\bin\jimage.dll
Event: 2.749 Loaded shared library C:\Program Files\Java\jdk-23\bin\sunmscapi.dll
Event: 4.947 Loaded shared library C:\Program Files\Java\jdk-23\bin\management.dll
Event: 4.950 Loaded shared library C:\Program Files\Java\jdk-23\bin\management_ext.dll

Deoptimization events (20 events):
Event: 207.338 Thread 0x000001f48dd47890 Uncommon trap: trap_request=0xffffffde fr.pc=0x000001f436c30504 relative=0x0000000000001384
Event: 207.338 Thread 0x000001f48dd47890 Uncommon trap: reason=class_check action=maybe_recompile pc=0x000001f436c30504 method=org.springframework.core.annotation.AnnotatedElementUtils.getAnnotationAttributes(Lorg/springframework/core/annotation/MergedAnnotation;ZZ)Lorg/springframework/core/anno
Event: 207.338 Thread 0x000001f48dd47890 DEOPT PACKING pc=0x000001f436c30504 sp=0x0000002e066fca50
Event: 207.338 Thread 0x000001f48dd47890 DEOPT UNPACKING pc=0x000001f436464402 sp=0x0000002e066fc8d0 mode 2
Event: 246.334 Thread 0x000001f48dd49ff0 Uncommon trap: trap_request=0xffffffde fr.pc=0x000001f436c30504 relative=0x0000000000001384
Event: 246.334 Thread 0x000001f48dd49ff0 Uncommon trap: reason=class_check action=maybe_recompile pc=0x000001f436c30504 method=org.springframework.core.annotation.AnnotatedElementUtils.getAnnotationAttributes(Lorg/springframework/core/annotation/MergedAnnotation;ZZ)Lorg/springframework/core/anno
Event: 246.334 Thread 0x000001f48dd49ff0 DEOPT PACKING pc=0x000001f436c30504 sp=0x0000002e068fcd90
Event: 246.334 Thread 0x000001f48dd49ff0 DEOPT UNPACKING pc=0x000001f436464402 sp=0x0000002e068fcc10 mode 2
Event: 261.449 Thread 0x000001f48aedfce0 Uncommon trap: trap_request=0xffffffde fr.pc=0x000001f436a1c9cc relative=0x000000000000004c
Event: 261.449 Thread 0x000001f48aedfce0 Uncommon trap: reason=class_check action=maybe_recompile pc=0x000001f436a1c9cc method=java.lang.StringConcatHelper.stringOf(Ljava/lang/Object;)Ljava/lang/String; @ 5 c2
Event: 261.449 Thread 0x000001f48aedfce0 DEOPT PACKING pc=0x000001f436a1c9cc sp=0x0000002e060fd400
Event: 261.449 Thread 0x000001f48aedfce0 DEOPT UNPACKING pc=0x000001f436464402 sp=0x0000002e060fd390 mode 2
Event: 265.099 Thread 0x000001f48aee2ad0 Uncommon trap: trap_request=0xffffffde fr.pc=0x000001f436a1c9cc relative=0x000000000000004c
Event: 265.099 Thread 0x000001f48aee2ad0 Uncommon trap: reason=class_check action=maybe_recompile pc=0x000001f436a1c9cc method=java.lang.StringConcatHelper.stringOf(Ljava/lang/Object;)Ljava/lang/String; @ 5 c2
Event: 265.100 Thread 0x000001f48aee2ad0 DEOPT PACKING pc=0x000001f436a1c9cc sp=0x0000002e05ffd370
Event: 265.100 Thread 0x000001f48aee2ad0 DEOPT UNPACKING pc=0x000001f436464402 sp=0x0000002e05ffd300 mode 2
Event: 394.207 Thread 0x000001f48dd485b0 DEOPT PACKING pc=0x000001f42f65462b sp=0x0000002e04cfe480
Event: 394.207 Thread 0x000001f48dd485b0 DEOPT UNPACKING pc=0x000001f436464b22 sp=0x0000002e04cfd950 mode 0
Event: 402.438 Thread 0x000001f48dd4a680 DEOPT PACKING pc=0x000001f42f65462b sp=0x0000002e03afe4e0
Event: 402.438 Thread 0x000001f48dd4a680 DEOPT UNPACKING pc=0x000001f436464b22 sp=0x0000002e03afd9b0 mode 0

Classes loaded (20 events):
Event: 207.273 Loading class java/util/concurrent/CompletableFuture$UniCompose
Event: 207.273 Loading class java/util/concurrent/CompletableFuture$UniCompose done
Event: 207.281 Loading class java/util/concurrent/CompletableFuture$UniRun
Event: 207.281 Loading class java/util/concurrent/CompletableFuture$UniRun done
Event: 207.288 Loading class java/util/concurrent/CompletableFuture$BiRelay
Event: 207.289 Loading class java/util/concurrent/CompletableFuture$BiCompletion
Event: 207.289 Loading class java/util/concurrent/CompletableFuture$BiCompletion done
Event: 207.289 Loading class java/util/concurrent/CompletableFuture$BiRelay done
Event: 207.289 Loading class java/util/concurrent/CompletableFuture$CoCompletion
Event: 207.289 Loading class java/util/concurrent/CompletableFuture$CoCompletion done
Event: 207.289 Loading class java/util/concurrent/CompletableFuture$UniHandle
Event: 207.289 Loading class java/util/concurrent/CompletableFuture$UniHandle done
Event: 207.289 Loading class java/util/concurrent/CompletableFuture$UniRelay
Event: 207.290 Loading class java/util/concurrent/CompletableFuture$UniRelay done
Event: 207.399 Loading class java/util/regex/Pattern$SliceI
Event: 207.400 Loading class java/util/regex/Pattern$SliceI done
Event: 207.400 Loading class java/util/regex/Pattern$Bound
Event: 207.400 Loading class java/util/regex/Pattern$Bound done
Event: 402.372 Loading class java/text/MessageFormat$Field
Event: 402.373 Loading class java/text/MessageFormat$Field done

Classes unloaded (0 events):
No events

Classes redefined (0 events):
No events

Internal exceptions (20 events):
Event: 9.410 Thread 0x000001f4267bb220 Implicit null exception at 0x000001f436ad4522 to 0x000001f436ad4598
Event: 9.607 Thread 0x000001f4267bb220 Exception <a 'java/lang/NoSuchMethodError'{0x0000000090f38c60}: 'int java.lang.invoke.DirectMethodHandle$Holder.invokeStatic(java.lang.Object, java.lang.Object, java.lang.Object, java.lang.Object, java.lang.Object)'> (0x0000000090f38c60) 
thrown [s\open\src\hotspot\share\interpreter\linkResolver.cpp, line 796]
Event: 9.657 Thread 0x000001f4267bb220 Exception <a 'java/lang/NoSuchMethodError'{0x0000000090ea8618}: 'java.lang.Object java.lang.invoke.DirectMethodHandle$Holder.newInvokeSpecial(java.lang.Object, java.lang.Object, int, java.lang.Object, java.lang.Object)'> (0x0000000090ea8618) 
thrown [s\open\src\hotspot\share\interpreter\linkResolver.cpp, line 796]
Event: 85.484 Thread 0x000001f48dd4c750 Exception <a 'java/lang/NoSuchMethodError'{0x0000000090b48478}: 'java.lang.Object java.lang.invoke.DirectMethodHandle$Holder.invokeStatic(java.lang.Object, java.lang.Object, java.lang.Object, int, int)'> (0x0000000090b48478) 
thrown [s\open\src\hotspot\share\interpreter\linkResolver.cpp, line 796]
Event: 85.484 Thread 0x000001f48dd4c750 Exception <a 'java/lang/NoSuchMethodError'{0x0000000090b4bbe8}: 'java.lang.Object java.lang.invoke.DirectMethodHandle$Holder.invokeStaticInit(java.lang.Object, java.lang.Object, java.lang.Object, int, int)'> (0x0000000090b4bbe8) 
thrown [s\open\src\hotspot\share\interpreter\linkResolver.cpp, line 796]
Event: 85.539 Thread 0x000001f48aedfce0 Exception <a 'java/lang/NoSuchMethodError'{0x000000008f58c2e8}: 'java.lang.Object java.lang.invoke.DirectMethodHandle$Holder.invokeSpecial(java.lang.Object, java.lang.Object, java.lang.Object, java.lang.Object, java.lang.Object, long)'> (0x000000008f58c2e8) 
thrown [s\open\src\hotspot\share\interpreter\linkResolver.cpp, line 796]
Event: 85.539 Thread 0x000001f48aedfce0 Exception <a 'java/lang/NoSuchMethodError'{0x000000008f58fa78}: 'java.lang.Object java.lang.invoke.Invokers$Holder.linkToTargetMethod(java.lang.Object, java.lang.Object, java.lang.Object, long, java.lang.Object)'> (0x000000008f58fa78) 
thrown [s\open\src\hotspot\share\interpreter\linkResolver.cpp, line 796]
Event: 206.621 Thread 0x000001f48dd47890 Exception <a 'java/lang/IncompatibleClassChangeError'{0x0000000090dbc460}: Found class java.lang.Object, but interface was expected> (0x0000000090dbc460) 
thrown [s\open\src\hotspot\share\interpreter\linkResolver.cpp, line 863]
Event: 207.146 Thread 0x000001f48dd47890 Exception <a 'java/lang/NoSuchMethodError'{0x000000008eb52b70}: 'long java.lang.invoke.DelegatingMethodHandle$Holder.reinvoke_L(java.lang.Object, java.lang.Object)'> (0x000000008eb52b70) 
thrown [s\open\src\hotspot\share\interpreter\linkResolver.cpp, line 796]
Event: 207.247 Thread 0x000001f48dd4d470 Exception <a 'java/lang/NoSuchMethodError'{0x000000009340d770}: 'java.lang.Object java.lang.invoke.DirectMethodHandle$Holder.invokeStaticInit(java.lang.Object, java.lang.Object, java.lang.Object, java.lang.Object, java.lang.Object, java.lang.Object)'> (0x000000009340d770) 
thrown [s\open\src\hotspot\share\interpreter\linkResolver.cpp, line 796]
Event: 207.321 Thread 0x000001f48dd47890 Exception <a 'java/lang/NoSuchMethodError'{0x0000000090e0c388}: 'java.lang.Object java.lang.invoke.DirectMethodHandle$Holder.newInvokeSpecial(java.lang.Object, java.lang.Object, java.lang.Object, java.lang.Object, long)'> (0x0000000090e0c388) 
thrown [s\open\src\hotspot\share\interpreter\linkResolver.cpp, line 796]
Event: 207.363 Thread 0x000001f48dd47890 Exception <a 'java/lang/NoSuchMethodError'{0x0000000090d02638}: 'java.lang.Object java.lang.invoke.DirectMethodHandle$Holder.invokeInterface(java.lang.Object, java.lang.Object, java.lang.Object, java.lang.Object, java.lang.Object)'> (0x0000000090d02638) 
thrown [s\open\src\hotspot\share\interpreter\linkResolver.cpp, line 796]
Event: 207.383 Thread 0x000001f48dd47890 Exception <a 'java/lang/NoSuchMethodError'{0x0000000090d539f8}: 'void java.lang.invoke.DirectMethodHandle$Holder.invokeSpecialIFC(java.lang.Object, java.lang.Object, int, java.lang.Object, java.lang.Object, java.lang.Object, java.lang.Object)'> (0x0000000090d539f8) 
thrown [s\open\src\hotspot\share\interpreter\linkResolver.cpp, line 796]
Event: 246.372 Thread 0x000001f48dd49ff0 Exception <a 'java/lang/NoSuchMethodError'{0x000000008f40c510}: 'int java.lang.invoke.Invokers$Holder.invokeExact_MT(java.lang.Object, java.lang.Object, java.lang.Object)'> (0x000000008f40c510) 
thrown [s\open\src\hotspot\share\interpreter\linkResolver.cpp, line 796]
Event: 246.396 Thread 0x000001f48dd49ff0 Exception <a 'java/lang/NoSuchMethodError'{0x000000008f497320}: 'int java.lang.invoke.DirectMethodHandle$Holder.invokeStatic(java.lang.Object, java.lang.Object, int, int)'> (0x000000008f497320) 
thrown [s\open\src\hotspot\share\interpreter\linkResolver.cpp, line 796]
Event: 261.455 Thread 0x000001f48aedfce0 Exception <a 'java/lang/NoSuchMethodError'{0x000000008f3fd948}: 'void java.lang.invoke.Invokers$Holder.invokeExact_MT(java.lang.Object, java.lang.Object, int, java.lang.Object)'> (0x000000008f3fd948) 
thrown [s\open\src\hotspot\share\interpreter\linkResolver.cpp, line 796]
Event: 261.466 Thread 0x000001f48aedfce0 Exception <a 'java/lang/NoSuchMethodError'{0x000000008f24efc0}: 'int java.lang.invoke.DirectMethodHandle$Holder.invokeStatic(java.lang.Object, java.lang.Object, int, java.lang.Object)'> (0x000000008f24efc0) 
thrown [s\open\src\hotspot\share\interpreter\linkResolver.cpp, line 796]
Event: 261.467 Thread 0x000001f48aedfce0 Exception <a 'java/lang/NoSuchMethodError'{0x000000008f255580}: 'java.lang.Object java.lang.invoke.DirectMethodHandle$Holder.invokeStatic(java.lang.Object, int, java.lang.Object)'> (0x000000008f255580) 
thrown [s\open\src\hotspot\share\interpreter\linkResolver.cpp, line 796]
Event: 394.037 Thread 0x000001f48aee1090 Exception <a 'java/io/IOException'{0x000000008f5028f0}: Connection reset by peer> (0x000000008f5028f0) 
thrown [s\open\src\hotspot\share\prims\jni.cpp, line 539]
Event: 402.331 Thread 0x000001f48aee1090 Exception <a 'java/io/IOException'{0x000000008f2fa878}: Connection reset by peer> (0x000000008f2fa878) 
thrown [s\open\src\hotspot\share\prims\jni.cpp, line 539]

VM Operations (20 events):
Event: 85.874 Executing VM operation: HandshakeAllThreads (Deoptimize)
Event: 85.874 Executing VM operation: HandshakeAllThreads (Deoptimize) done
Event: 120.103 Executing VM operation: HandshakeAllThreads (HandshakeForDeflation)
Event: 120.104 Executing VM operation: HandshakeAllThreads (HandshakeForDeflation) done
Event: 120.104 Executing VM operation: RendezvousGCThreads
Event: 120.104 Executing VM operation: RendezvousGCThreads done
Event: 206.657 Executing VM operation: G1CollectForAllocation (G1 Evacuation Pause)
Event: 206.666 Executing VM operation: G1CollectForAllocation (G1 Evacuation Pause) done
Event: 206.693 Executing VM operation: G1PauseRemark
Event: 206.702 Executing VM operation: G1PauseRemark done
Event: 206.710 Executing VM operation: G1PauseCleanup
Event: 206.710 Executing VM operation: G1PauseCleanup done
Event: 207.205 Executing VM operation: G1CollectForAllocation (G1 Evacuation Pause)
Event: 207.209 Executing VM operation: G1CollectForAllocation (G1 Evacuation Pause) done
Event: 240.227 Executing VM operation: HandshakeAllThreads (HandshakeForDeflation)
Event: 240.227 Executing VM operation: HandshakeAllThreads (HandshakeForDeflation) done
Event: 240.227 Executing VM operation: RendezvousGCThreads
Event: 240.227 Executing VM operation: RendezvousGCThreads done
Event: 246.346 Executing VM operation: HandshakeAllThreads (Deoptimize)
Event: 246.347 Executing VM operation: HandshakeAllThreads (Deoptimize) done

Memory protections (0 events):
No events

Nmethod flushes (20 events):
Event: 206.699 Thread 0x000001f443167da0 flushing  nmethod 0x000001f42f527688
Event: 206.699 Thread 0x000001f443167da0 flushing  nmethod 0x000001f42f582588
Event: 206.699 Thread 0x000001f443167da0 flushing  nmethod 0x000001f436ae9308
Event: 206.699 Thread 0x000001f443167da0 flushing  nmethod 0x000001f436b02708
Event: 206.699 Thread 0x000001f443167da0 flushing  nmethod 0x000001f42ef1cb88
Event: 206.699 Thread 0x000001f443167da0 flushing  nmethod 0x000001f42f002108
Event: 206.699 Thread 0x000001f443167da0 flushing  nmethod 0x000001f42f002b08
Event: 206.699 Thread 0x000001f443167da0 flushing  nmethod 0x000001f42f00ba08
Event: 206.699 Thread 0x000001f443167da0 flushing  nmethod 0x000001f42f00bd88
Event: 206.699 Thread 0x000001f443167da0 flushing  nmethod 0x000001f42f0ab608
Event: 206.699 Thread 0x000001f443167da0 flushing  nmethod 0x000001f42f0d3688
Event: 206.699 Thread 0x000001f443167da0 flushing  nmethod 0x000001f42f0fa988
Event: 206.699 Thread 0x000001f443167da0 flushing  nmethod 0x000001f42f12f888
Event: 206.699 Thread 0x000001f443167da0 flushing  nmethod 0x000001f42f26ed08
Event: 206.699 Thread 0x000001f443167da0 flushing  nmethod 0x000001f42f272408
Event: 206.699 Thread 0x000001f443167da0 flushing  nmethod 0x000001f42f330708
Event: 206.699 Thread 0x000001f443167da0 flushing  nmethod 0x000001f42f34b308
Event: 206.699 Thread 0x000001f443167da0 flushing  nmethod 0x000001f42f411c08
Event: 206.699 Thread 0x000001f443167da0 flushing  nmethod 0x000001f42f412588
Event: 206.699 Thread 0x000001f443167da0 flushing  nmethod 0x000001f42f4d2508

Events (20 events):
Event: 9.671 Thread 0x000001f4267bb220 Thread added: 0x000001f48dd49ff0
Event: 9.684 Thread 0x000001f4267bb220 Thread added: 0x000001f48dd49960
Event: 9.686 Thread 0x000001f4267bb220 Thread added: 0x000001f48dd4c750
Event: 9.708 Thread 0x000001f4267bb220 Thread exited: 0x000001f4267bb220
Event: 9.708 Thread 0x000001f48dd4e190 Thread added: 0x000001f48dd4e190
Event: 12.436 Thread 0x000001f48aee5230 Thread exited: 0x000001f48aee5230
Event: 12.670 Thread 0x000001f48a7ad3e0 Thread exited: 0x000001f48a7ad3e0
Event: 192.640 Thread 0x000001f443195fe0 Thread added: 0x000001f48a7ae180
Event: 195.695 Thread 0x000001f48a7ae180 Thread exited: 0x000001f48a7ae180
Event: 206.786 Thread 0x000001f443195fe0 Thread added: 0x000001f48a7acd10
Event: 207.027 Thread 0x000001f48a7acd10 Thread exited: 0x000001f48a7acd10
Event: 207.047 Thread 0x000001f443195fe0 Thread added: 0x000001f48a7ab1d0
Event: 207.191 Thread 0x000001f48dd47890 Thread added: 0x000001f48dd4d470
Event: 212.504 Thread 0x000001f48a7ab1d0 Thread exited: 0x000001f48a7ab1d0
Event: 394.051 Thread 0x000001f48aee1090 Thread added: 0x000001f48dd4e820
Event: 394.052 Thread 0x000001f48dd4e820 Thread added: 0x000001f48dd485b0
Event: 399.064 Thread 0x000001f48dd4e820 Thread exited: 0x000001f48dd4e820
Event: 399.281 Thread 0x000001f48dd485b0 Thread exited: 0x000001f48dd485b0
Event: 402.332 Thread 0x000001f48aee1090 Thread added: 0x000001f48dd4e820
Event: 402.332 Thread 0x000001f48dd4e820 Thread added: 0x000001f48dd4a680


Dynamic libraries:
0x00007ff6c47a0000 - 0x00007ff6c47b0000 	C:\Program Files\Java\jdk-23\bin\java.exe
0x00007ffea2650000 - 0x00007ffea2867000 	C:\Windows\SYSTEM32\ntdll.dll
0x00007ffea1690000 - 0x00007ffea1754000 	C:\Windows\System32\KERNEL32.DLL
0x00007ffe9feb0000 - 0x00007ffea025d000 	C:\Windows\System32\KERNELBASE.dll
0x00007ffe9f9f0000 - 0x00007ffe9fb01000 	C:\Windows\System32\ucrtbase.dll
0x00007ffe901f0000 - 0x00007ffe9020b000 	C:\Program Files\Java\jdk-23\bin\VCRUNTIME140.dll
0x00007ffe8e1a0000 - 0x00007ffe8e1b7000 	C:\Program Files\Java\jdk-23\bin\jli.dll
0x00007ffea07b0000 - 0x00007ffea095e000 	C:\Windows\System32\USER32.dll
0x00007ffe8ee10000 - 0x00007ffe8f0a3000 	C:\Windows\WinSxS\amd64_microsoft.windows.common-controls_6595b64144ccf1df_6.0.22621.3672_none_2713b9d173822955\COMCTL32.dll
0x00007ffe9fe80000 - 0x00007ffe9fea6000 	C:\Windows\System32\win32u.dll
0x00007ffea0ab0000 - 0x00007ffea0b57000 	C:\Windows\System32\msvcrt.dll
0x00007ffea0a80000 - 0x00007ffea0aa9000 	C:\Windows\System32\GDI32.dll
0x00007ffea0260000 - 0x00007ffea0379000 	C:\Windows\System32\gdi32full.dll
0x00007ffe9fb10000 - 0x00007ffe9fbaa000 	C:\Windows\System32\msvcp_win.dll
0x00007ffea0b70000 - 0x00007ffea0ba1000 	C:\Windows\System32\IMM32.DLL
0x00007ffe9cb60000 - 0x00007ffe9cb6c000 	C:\Program Files\Java\jdk-23\bin\vcruntime140_1.dll
0x00007ffe8dd20000 - 0x00007ffe8ddae000 	C:\Program Files\Java\jdk-23\bin\msvcp140.dll
0x00007ffe4c110000 - 0x00007ffe4ce5f000 	C:\Program Files\Java\jdk-23\bin\server\jvm.dll
0x00007ffea1df0000 - 0x00007ffea1ea2000 	C:\Windows\System32\ADVAPI32.dll
0x00007ffea0540000 - 0x00007ffea05e9000 	C:\Windows\System32\sechost.dll
0x00007ffe9fbb0000 - 0x00007ffe9fbd8000 	C:\Windows\System32\bcrypt.dll
0x00007ffea0690000 - 0x00007ffea07a4000 	C:\Windows\System32\RPCRT4.dll
0x00007ffea1d10000 - 0x00007ffea1d81000 	C:\Windows\System32\WS2_32.dll
0x00007ffe9f3f0000 - 0x00007ffe9f43d000 	C:\Windows\SYSTEM32\POWRPROF.dll
0x00007ffe9a7d0000 - 0x00007ffe9a804000 	C:\Windows\SYSTEM32\WINMM.dll
0x00007ffe94280000 - 0x00007ffe9428a000 	C:\Windows\SYSTEM32\VERSION.dll
0x00007ffe9f2e0000 - 0x00007ffe9f2f3000 	C:\Windows\SYSTEM32\UMPDC.dll
0x00007ffe9e9a0000 - 0x00007ffe9e9b8000 	C:\Windows\SYSTEM32\kernel.appcore.dll
0x00007ffe9cb40000 - 0x00007ffe9cb4a000 	C:\Program Files\Java\jdk-23\bin\jimage.dll
0x00007ffe97240000 - 0x00007ffe97472000 	C:\Windows\SYSTEM32\DBGHELP.DLL
0x00007ffea20c0000 - 0x00007ffea244d000 	C:\Windows\System32\combase.dll
0x00007ffea1c30000 - 0x00007ffea1d07000 	C:\Windows\System32\OLEAUT32.dll
0x00007ffe84810000 - 0x00007ffe84842000 	C:\Windows\SYSTEM32\dbgcore.DLL
0x00007ffe9f970000 - 0x00007ffe9f9eb000 	C:\Windows\System32\bcryptPrimitives.dll
0x00007ffe8e430000 - 0x00007ffe8e43f000 	C:\Program Files\Java\jdk-23\bin\instrument.dll
0x00007ffe8dd00000 - 0x00007ffe8dd1e000 	C:\Program Files\Java\jdk-23\bin\java.dll
0x00007ffea2450000 - 0x00007ffea25f5000 	C:\Windows\System32\ole32.dll
0x00007ffea0bb0000 - 0x00007ffea1418000 	C:\Windows\System32\SHELL32.dll
0x00007ffe9d880000 - 0x00007ffe9e17e000 	C:\Windows\SYSTEM32\windows.storage.dll
0x00007ffe9d740000 - 0x00007ffe9d87f000 	C:\Windows\SYSTEM32\wintypes.dll
0x00007ffea1f40000 - 0x00007ffea2039000 	C:\Windows\System32\SHCORE.dll
0x00007ffea1420000 - 0x00007ffea147e000 	C:\Windows\System32\shlwapi.dll
0x00007ffe9f8a0000 - 0x00007ffe9f8c1000 	C:\Windows\SYSTEM32\profapi.dll
0x00007ffe76000000 - 0x00007ffe760d7000 	C:\Program Files\Java\jdk-23\bin\jsvml.dll
0x00007ffe8dc70000 - 0x00007ffe8dc87000 	C:\Program Files\Java\jdk-23\bin\zip.dll
0x00007ffe8dcf0000 - 0x00007ffe8dd00000 	C:\Program Files\Java\jdk-23\bin\net.dll
0x00007ffe9ee10000 - 0x00007ffe9ee79000 	C:\Windows\system32\mswsock.dll
0x00007ffe8dcd0000 - 0x00007ffe8dce6000 	C:\Program Files\Java\jdk-23\bin\nio.dll
0x00007ffe8dc60000 - 0x00007ffe8dc69000 	C:\Program Files\Java\jdk-23\bin\extnet.dll
0x00007ffe8dae0000 - 0x00007ffe8daee000 	C:\Program Files\Java\jdk-23\bin\sunmscapi.dll
0x00007ffe9fd10000 - 0x00007ffe9fe77000 	C:\Windows\System32\CRYPT32.dll
0x00007ffe9f2b0000 - 0x00007ffe9f2de000 	C:\Windows\SYSTEM32\ncrypt.dll
0x00007ffe9f260000 - 0x00007ffe9f297000 	C:\Windows\SYSTEM32\NTASN1.dll
0x00007ffe9f0e0000 - 0x00007ffe9f0fb000 	C:\Windows\SYSTEM32\CRYPTSP.dll
0x00007ffe9e900000 - 0x00007ffe9e935000 	C:\Windows\system32\rsaenh.dll
0x00007ffe9ef10000 - 0x00007ffe9ef38000 	C:\Windows\SYSTEM32\USERENV.dll
0x00007ffe9f220000 - 0x00007ffe9f22c000 	C:\Windows\SYSTEM32\CRYPTBASE.dll
0x00007ffe9e420000 - 0x00007ffe9e44d000 	C:\Windows\SYSTEM32\IPHLPAPI.DLL
0x00007ffea0b60000 - 0x00007ffea0b69000 	C:\Windows\System32\NSI.dll
0x00007ffe8d8e0000 - 0x00007ffe8d8ea000 	C:\Program Files\Java\jdk-23\bin\management.dll
0x00007ffe8cdb0000 - 0x00007ffe8cdbb000 	C:\Program Files\Java\jdk-23\bin\management_ext.dll
0x00007ffea2600000 - 0x00007ffea2608000 	C:\Windows\System32\PSAPI.DLL
0x00007ffe9e450000 - 0x00007ffe9e548000 	C:\Windows\SYSTEM32\DNSAPI.dll
0x00007ffe9af20000 - 0x00007ffe9af2a000 	C:\Windows\System32\rasadhlp.dll
0x00007ffe9a0f0000 - 0x00007ffe9a173000 	C:\Windows\System32\fwpuclnt.dll
0x00007ffe8c9d0000 - 0x00007ffe8c9d8000 	C:\Windows\system32\wshunix.dll

dbghelp: loaded successfully - version: 4.0.5 - missing functions: none
symbol engine: initialized successfully - sym options: 0x614 - pdb path: .;C:\Program Files\Java\jdk-23\bin;C:\Windows\SYSTEM32;C:\Windows\WinSxS\amd64_microsoft.windows.common-controls_6595b64144ccf1df_6.0.22621.3672_none_2713b9d173822955;C:\Program Files\Java\jdk-23\bin\server

VM Arguments:
jvm_args: -javaagent:D:\Program Files\IntelliJ IDEA Community Edition 2024.3.5\lib\idea_rt.jar=59199 -Dfile.encoding=UTF-8 -Dsun.stdout.encoding=UTF-8 -Dsun.stderr.encoding=UTF-8 
java_command: com.AadityaPrajapat.BackendAssignmentForAndazKumar.BackendAssignmentForAndazKumarApplication
java_class_path (initial): D:\User\Aadi\OneDrive\Desktop\BackendAssignmentForAndazKumar\target\classes;C:\Users\abhishek\.m2\repository\org\springframework\boot\spring-boot-starter-data-jpa\3.5.13\spring-boot-starter-data-jpa-3.5.13.jar;C:\Users\abhishek\.m2\repository\org\springframework\boot\spring-boot-starter\3.5.13\spring-boot-starter-3.5.13.jar;C:\Users\abhishek\.m2\repository\org\springframework\boot\spring-boot\3.5.13\spring-boot-3.5.13.jar;C:\Users\abhishek\.m2\repository\org\springframework\boot\spring-boot-autoconfigure\3.5.13\spring-boot-autoconfigure-3.5.13.jar;C:\Users\abhishek\.m2\repository\org\springframework\boot\spring-boot-starter-logging\3.5.13\spring-boot-starter-logging-3.5.13.jar;C:\Users\abhishek\.m2\repository\ch\qos\logback\logback-classic\1.5.32\logback-classic-1.5.32.jar;C:\Users\abhishek\.m2\repository\ch\qos\logback\logback-core\1.5.32\logback-core-1.5.32.jar;C:\Users\abhishek\.m2\repository\org\apache\logging\log4j\log4j-to-slf4j\2.24.3\log4j-to-slf4j-2.24.3.jar;C:\Users\abhishek\.m2\repository\org\apache\logging\log4j\log4j-api\2.24.3\log4j-api-2.24.3.jar;C:\Users\abhishek\.m2\repository\org\slf4j\jul-to-slf4j\2.0.17\jul-to-slf4j-2.0.17.jar;C:\Users\abhishek\.m2\repository\jakarta\annotation\jakarta.annotation-api\2.1.1\jakarta.annotation-api-2.1.1.jar;C:\Users\abhishek\.m2\repository\org\yaml\snakeyaml\2.4\snakeyaml-2.4.jar;C:\Users\abhishek\.m2\repository\org\springframework\boot\spring-boot-starter-jdbc\3.5.13\spring-boot-starter-jdbc-3.5.13.jar;C:\Users\abhishek\.m2\repository\com\zaxxer\HikariCP\6.3.3\HikariCP-6.3.3.jar;C:\Users\abhishek\.m2\repository\org\springframework\spring-jdbc\6.2.17\spring-jdbc-6.2.17.jar;C:\Users\abhishek\.m2\repository\org\hibernate\orm\hibernate-core\6.6.45.Final\hibernate-core-6.6.45.Final.jar;C:\Users\abhishek\.m2\repository\jakarta\persistence\jakarta.persistence-api\3.1.0\jakarta.persistence-api-3.1.0.jar;C:\Users\abhishek\.m2\repository\jakarta\transaction\jakarta.transaction-api\2.0.1\jakarta.transaction-api-2.0.1.jar;C:\Users\abhishek\.m2\repository\org\jboss\logging\jboss-logging\3.6.3.Final\jboss-logging-3.6.3.Final.jar;C:\Users\abhishek\.m2\repository\org\hibernate\common\hibernate-commons-annotations\7.0.3.Final\hibernate-commons-annotations-7.0.3.Final.jar;C:\Users\abhishek\.m2\repository\io\smallrye\jandex\3.2.0\jandex-3.2.0.jar;C:\Users\abhishek\.m2\repository\com\fasterxml\classmate\1.7.3\classmate-1.7.3.jar;C:\Users\abhishek\.m2\repository\net\bytebuddy\byte-buddy\1.17.8\byte-buddy-1.17.8.jar;C:\Users\abhishek\.m2\repository\org\glassfish\jaxb\jaxb-runtime\4.0.6\jaxb-runtime-4.0.6.jar;C:\Users\abhishek\.m2\repository\org\glassfish\jaxb\jaxb-core\4.0.6\jaxb-core-4.0.6.jar;C:\Users\abhishek\.m2\repository\org\eclipse\angus\angus-activation\2.0.3\angus-activation-2.0.3.jar;C:\Users\abhishek\.m2\repository\org\glassfish\jaxb\txw2\4.0.6\txw2-4.0.6.jar;C:\Users\abhishek\.m2\repository\com\sun\istack\istack-commons-runtime\4.1.2\istack-commons-runtime-4.1.2.jar;C:\Users\abhishek\.m2\repository\jakarta\inject\jakarta.inject-api\2.0.1\jakarta.inject-api-2.0.1.jar;C:\Users\abhishek\.m2\repository\org\antlr\antlr4-runtime\4.13.0\antlr4-runtime-4.13.0.jar;C:\Users\abhishek\.m2\repository\org\springframework\data\spring-data-jpa\3.5.10\spring-data-jpa-3.5.10.jar;C:\Users\abhishek\.m2\repository\org\springframework\data\spring-data-commons\3.5.10\spring-data-commons-3.5.10.jar;C:\Users\abhishek\.m2\repository\org\springframework\spring-orm\6.2.17\spring-orm-6.2.17.jar;C:\Users\abhishek\.m2\repository\org\springframework\spring-context\6.2.17\spring-context-6.2.17.jar;C:\Users\abhishek\.m2\repository\org\springframework\spring-aop\6.2.17\spring-aop-6.2.17.jar;C:\Users\abhishek\.m2\repository\org\springframework\spring-tx\6.2.17\spring-tx-6.2.17.jar;C:\Users\abhishek\.m2\repository\org\springframework\spring-beans\6.2.17\spring-beans-6.2.17.jar;C:\Users\abhishek\.m2\repository\org\slf4j\slf4j-api\2.0.17\slf4j-api-2.0.17.jar;C:\Users\abhishek\.m2\repository\org\springframework\spring-aspects\6.2.17\spring-aspects-6.2.17.jar;C:\Users\abhishek\.m2\repository\org\aspectj\aspectjweaver\1.9.25.1\aspectjweaver-1.9.25.1.jar;C:\Users\abhishek\.m2\repository\org\springframework\boot\spring-boot-starter-data-redis\3.5.13\spring-boot-starter-data-redis-3.5.13.jar;C:\Users\abhishek\.m2\repository\io\lettuce\lettuce-core\6.6.0.RELEASE\lettuce-core-6.6.0.RELEASE.jar;C:\Users\abhishek\.m2\repository\redis\clients\authentication\redis-authx-core\0.1.1-beta2\redis-authx-core-0.1.1-beta2.jar;C:\Users\abhishek\.m2\repository\io\netty\netty-common\4.1.132.Final\netty-common-4.1.132.Final.jar;C:\Users\abhishek\.m2\repository\io\netty\netty-handler\4.1.132.Final\netty-handler-4.1.132.Final.jar;C:\Users\abhishek\.m2\repository\io\netty\netty-resolver\4.1.132.Final\netty-resolver-4.1.132.Final.jar;C:\Users\abhishek\.m2\repository\io\netty\netty-buffer\4.1.132.Final\netty-buffer-4.1.132.Final.jar;C:\Users\abhishek\.m2\repository\io\netty\netty-transport-native-unix-common\4.1.132.Final\netty-transport-native-unix-common-4.1.132.Final.jar;C:\Users\abhishek\.m2\repository\io\netty\netty-codec\4.1.132.Final\netty-codec-4.1.132.Final.jar;C:\Users\abhishek\.m2\repository\io\netty\netty-transport\4.1.132.Final\netty-transport-4.1.132.Final.jar;C:\Users\abhishek\.m2\repository\io\projectreactor\reactor-core\3.7.17\reactor-core-3.7.17.jar;C:\Users\abhishek\.m2\repository\org\reactivestreams\reactive-streams\1.0.4\reactive-streams-1.0.4.jar;C:\Users\abhishek\.m2\repository\org\springframework\data\spring-data-redis\3.5.10\spring-data-redis-3.5.10.jar;C:\Users\abhishek\.m2\repository\org\springframework\data\spring-data-keyvalue\3.5.10\spring-data-keyvalue-3.5.10.jar;C:\Users\abhishek\.m2\repository\org\springframework\spring-oxm\6.2.17\spring-oxm-6.2.17.jar;C:\Users\abhishek\.m2\repository\org\springframework\spring-context-support\6.2.17\spring-context-support-6.2.17.jar;C:\Users\abhishek\.m2\repository\org\springframework\boot\spring-boot-starter-web\3.5.13\spring-boot-starter-web-3.5.13.jar;C:\Users\abhishek\.m2\repository\org\springframework\boot\spring-boot-starter-json\3.5.13\spring-boot-starter-json-3.5.13.jar;C:\Users\abhishek\.m2\repository\com\fasterxml\jackson\core\jackson-databind\2.21.2\jackson-databind-2.21.2.jar;C:\Users\abhishek\.m2\repository\com\fasterxml\jackson\core\jackson-annotations\2.21\jackson-annotations-2.21.jar;C:\Users\abhishek\.m2\repository\com\fasterxml\jackson\core\jackson-core\2.21.2\jackson-core-2.21.2.jar;C:\Users\abhishek\.m2\repository\com\fasterxml\jackson\datatype\jackson-datatype-jdk8\2.21.2\jackson-datatype-jdk8-2.21.2.jar;C:\Users\abhishek\.m2\repository\com\fasterxml\jackson\datatype\jackson-datatype-jsr310\2.21.2\jackson-datatype-jsr310-2.21.2.jar;C:\Users\abhishek\.m2\repository\com\fasterxml\jackson\module\jackson-module-parameter-names\2.21.2\jackson-module-parameter-names-2.21.2.jar;C:\Users\abhishek\.m2\repository\org\springframework\boot\spring-boot-starter-tomcat\3.5.13\spring-boot-starter-tomcat-3.5.13.jar;C:\Users\abhishek\.m2\repository\org\apache\tomcat\embed\tomcat-embed-core\10.1.53\tomcat-embed-core-10.1.53.jar;C:\Users\abhishek\.m2\repository\org\apache\tomcat\embed\tomcat-embed-websocket\10.1.53\tomcat-embed-websocket-10.1.53.jar;C:\Users\abhishek\.m2\repository\org\springframework\spring-web\6.2.17\spring-web-6.2.17.jar;C:\Users\abhishek\.m2\repository\io\micrometer\micrometer-observation\1.15.10\micrometer-observation-1.15.10.jar;C:\Users\abhishek\.m2\repository\io\micrometer\micrometer-commons\1.15.10\micrometer-commons-1.15.10.jar;C:\Users\abhishek\.m2\repository\org\springframework\spring-webmvc\6.2.17\spring-webmvc-6.2.17.jar;C:\Users\abhishek\.m2\repository\org\springframework\spring-expression\6.2.17\spring-expression-6.2.17.jar;C:\Users\abhishek\.m2\repository\org\postgresql\postgresql\42.7.10\postgresql-42.7.10.jar;C:\Users\abhishek\.m2\repository\org\checkerframework\checker-qual\3.52.0\checker-qual-3.52.0.jar;C:\Users\abhishek\.m2\repository\org\projectlombok\lombok\1.18.44\lombok-1.18.44.jar;C:\Users\abhishek\.m2\repository\jakarta\xml\bind\jakarta.xml.bind-api\4.0.4\jakarta.xml.bind-api-4.0.4.jar;C:\Users\abhishek\.m2\repository\jakarta\activation\jakarta.activation-api\2.1.4\jakarta.activation-api-2.1.4.jar;C:\Users\abhishek\.m2\repository\org\springframework\spring-core\6.2.17\spring-core-6.2.17.jar;C:\Users\abhishek\.m2\repository\org\springframework\spring-jcl\6.2.17\spring-jcl-6.2.17.jar;C:\Users\abhishek\.m2\repository\org\springframework\boot\spring-boot-starter-validation\3.5.13\spring-boot-starter-validation-3.5.13.jar;C:\Users\abhishek\.m2\repository\org\apache\tomcat\embed\tomcat-embed-el\10.1.53\tomcat-embed-el-10.1.53.jar;C:\Users\abhishek\.m2\repository\org\hibernate\validator\hibernate-validator\8.0.3.Final\hibernate-validator-8.0.3.Final.jar;C:\Users\abhishek\.m2\repository\jakarta\validation\jakarta.validation-api\3.0.2\jakarta.validation-api-3.0.2.jar
Launcher Type: SUN_STANDARD

[Global flags]
     intx CICompilerCount                          = 4                                         {product} {ergonomic}
     uint ConcGCThreads                            = 2                                         {product} {ergonomic}
     uint G1ConcRefinementThreads                  = 8                                         {product} {ergonomic}
   size_t G1HeapRegionSize                         = 1048576                                   {product} {ergonomic}
   size_t InitialHeapSize                          = 121634816                                 {product} {ergonomic}
   size_t MarkStackSize                            = 4194304                                   {product} {ergonomic}
   size_t MarkStackSizeMax                         = 536870912                                 {product} {ergonomic}
   size_t MaxHeapSize                              = 1944059904                                {product} {ergonomic}
   size_t MaxNewSize                               = 1166016512                                {product} {ergonomic}
   size_t MinHeapDeltaBytes                        = 1048576                                   {product} {ergonomic}
   size_t MinHeapSize                              = 8388608                                   {product} {ergonomic}
    uintx NonNMethodCodeHeapSize                   = 5832704                                {pd product} {ergonomic}
    uintx NonProfiledCodeHeapSize                  = 122945536                              {pd product} {ergonomic}
    uintx ProfiledCodeHeapSize                     = 122880000                              {pd product} {ergonomic}
    uintx ReservedCodeCacheSize                    = 251658240                              {pd product} {ergonomic}
     bool SegmentedCodeCache                       = true                                      {product} {ergonomic}
   size_t SoftMaxHeapSize                          = 1944059904                             {manageable} {ergonomic}
     bool UseCompressedOops                        = true                           {product lp64_product} {ergonomic}
     bool UseG1GC                                  = true                                      {product} {ergonomic}
     bool UseLargePagesIndividualAllocation        = false                                  {pd product} {ergonomic}

Logging:
Log output configuration:
 #0: stdout all=warning uptime,level,tags foldmultilines=false
 #1: stderr all=off uptime,level,tags foldmultilines=false

Environment Variables:
JAVA_HOME=C:\Program Files\Java\jdk-21
PATH=C:\Windows\system32;C:\Windows;C:\Windows\System32\Wbem;C:\Windows\System32\WindowsPowerShell\v1.0\;C:\Windows\System32\OpenSSH\;C:\MinGW\bin;C:\Program Files\Java\jdk-21\bin;C:\Program Files\Java\jdk-21\bin;C:\Program Files\Git\cmd;C:\Program Files\Maven\apache-maven-3.9.9\bin;C:\data\db;C:\Program Files\MongoDB\Server\8.0\bin;D:\MongoDb\mongosh-2.4.2-win32-x64\bin;D:\Redis\;D:\Program Files\PostgreSQL\16\bin;D:\xampp\php;D:\composer;C:\Program Files\MySQL\MySQL Shell 8.0\bin\;C:\Users\abhishek\AppData\Local\Programs\Python\Python312\Scripts\;C:\Users\abhishek\AppData\Local\Programs\Python\Python312\;C:\Users\abhishek\AppData\Local\Microsoft\WindowsApps;C:\Users\abhishek\AppData\Local\GitHubDesktop\bin;D:\IntelliJ IDEA 2024.3.5\bin;;D:\Program Files\IntelliJ IDEA Community Edition 2024.3.5\bin;;C:\Users\abhishek\AppData\Roaming\Composer\vendor\bin;C:\Users\abhishek\AppData\Local\Programs\Microsoft VS Code\bin
USERNAME=Aadi
OS=Windows_NT
PROCESSOR_IDENTIFIER=AMD64 Family 23 Model 160 Stepping 0, AuthenticAMD
TMP=C:\Users\abhishek\AppData\Local\Temp
TEMP=C:\Users\abhishek\AppData\Local\Temp




Periodic native trim disabled

---------------  S Y S T E M  ---------------

OS:
 Windows 11 , 64 bit Build 22621 (10.0.22621.3958)
OS uptime: 8 days 16:56 hours
Hyper-V role detected

CPU: total 8 (initial active 8) (8 cores per cpu, 2 threads per core) family 23 model 160 stepping 0 microcode 0x0, cx8, cmov, fxsr, ht, mmx, 3dnowpref, sse, sse2, sse3, ssse3, sse4a, sse4.1, sse4.2, popcnt, lzcnt, tsc, tscinvbit, avx, avx2, aes, clmul, bmi1, bmi2, adx, sha, fma, vzeroupper, clflush, clflushopt, hv, rdtscp, rdpid, f16c
Processor Information for the first 8 processors :
  Max Mhz: 2401, Current Mhz: 2401, Mhz Limit: 2401

Memory: 4k page, system-wide physical 7413M (469M free)
TotalPageFile size 15505M (AvailPageFile size 3M)
current process WorkingSet (physical memory assigned to process): 208M, peak: 276M
current process commit charge ("private bytes"): 292M, peak: 315M

vm_info: Java HotSpot(TM) 64-Bit Server VM (23.0.1+11-39) for windows-amd64 JRE (23.0.1+11-39), built on 2024-09-30T07:20:43Z with MS VC++ 17.6 (VS2022)

END.
